\BOOKMARK [1][-]{section.1}{Definition of Architecture}{}% 1
\BOOKMARK [2][-]{subsection.1.1}{Definitions on architectures}{section.1}% 2
\BOOKMARK [2][-]{subsection.1.2}{Our view on architecture}{section.1}% 3
\BOOKMARK [1][-]{section.2}{Viewpoints}{}% 4
\BOOKMARK [2][-]{subsection.2.1}{Privacy viewpoint}{section.2}% 5
\BOOKMARK [2][-]{subsection.2.2}{Data Flow Viewpoint}{section.2}% 6
\BOOKMARK [1][-]{section.3}{Description of our Solution}{}% 7
\BOOKMARK [1][-]{appendix.A}{Domain Knowledge - Design Decision}{}% 8
\BOOKMARK [2][-]{subsection.A.1}{Domain Specific Problems Related to User Experience}{appendix.A}% 9
\BOOKMARK [3][-]{subsubsection.A.1.1}{Important Questions}{subsection.A.1}% 10
\BOOKMARK [3][-]{subsubsection.A.1.2}{Design Decisions}{subsection.A.1}% 11
\BOOKMARK [2][-]{subsection.A.2}{Domain Specific Problems Related to Competition and Functionality}{appendix.A}% 12
\BOOKMARK [3][-]{subsubsection.A.2.1}{Important Questions}{subsection.A.2}% 13
\BOOKMARK [3][-]{subsubsection.A.2.2}{Design Decisions}{subsection.A.2}% 14
\BOOKMARK [2][-]{subsection.A.3}{Domain specific problems related to data gathering and Analysis}{appendix.A}% 15
\BOOKMARK [3][-]{subsubsection.A.3.1}{Import questions}{subsection.A.3}% 16
\BOOKMARK [3][-]{subsubsection.A.3.2}{Design Decisions}{subsection.A.3}% 17
\BOOKMARK [2][-]{subsection.A.4}{Domain specific problems related to data storage}{appendix.A}% 18
\BOOKMARK [3][-]{subsubsection.A.4.1}{Import questions}{subsection.A.4}% 19
\BOOKMARK [3][-]{subsubsection.A.4.2}{Design Decisions}{subsection.A.4}% 20
